<?xml version="1.0" encoding="UTF-8"?>
<!-- Generated by org.testng.reporters.JUnitReportReporter -->
<testsuite hostname="DESKTOP-J59IHGA" failures="0" tests="1" name="test.AddCustomer2" time="6.712" errors="0" timestamp="2023-10-01T22:58:20 EDT" skipped="0">
  <testcase classname="test.AddCustomer2" name="userShouldBeAbleToAddCustomer" time="6.712"/>
</testsuite> <!-- test.AddCustomer2 -->
