<?xml version="1.0" encoding="UTF-8"?>
<!-- Generated by org.testng.reporters.JUnitReportReporter -->
<testsuite hostname="DESKTOP-J59IHGA" failures="0" tests="1" name="test.LoginTest" time="9.934" errors="0" timestamp="2023-12-14T20:15:17 EST" skipped="0">
  <testcase classname="test.LoginTest" name="validUsershouldBeAbleToLogin" time="9.934"/>
</testsuite> <!-- test.LoginTest -->
